build/app/intermediates/manifest_merge_blame_file/debug/processDebugMainManifest/manifest-merger-blame-debug-report.txt
1<?xml version="1.0" encoding="utf-8"?>
2<manifest xmlns:android="http://schemas.android.com/apk/res/android"
3    package="com.trujena.oliviaaa"
4    android:versionCode="1"
5    android:versionName="1.0.56" >
6
7    <uses-sdk
8        android:minSdkVersion="21"
9        android:targetSdkVersion="35" />
10    <!--
11         Flutter needs it to communicate with the running application
12         to allow setting breakpoints, to provide hot reload, etc.
13    -->
14    <uses-permission android:name="android.permission.INTERNET" />
14-->src\main\AndroidManifest.xml:5:5-67
14-->src\main\AndroidManifest.xml:5:22-64
15    <uses-permission android:name="android.permission.ACCESS_WIFI_STATE" />
15-->src\main\AndroidManifest.xml:6:5-76
15-->src\main\AndroidManifest.xml:6:22-73
16    <uses-permission android:name="android.permission.ACCESS_NETWORK_STATE" />
16-->src\main\AndroidManifest.xml:7:5-79
16-->src\main\AndroidManifest.xml:7:22-76
17    <uses-permission android:name="android.permission.WRITE_EXTERNAL_STORAGE" />
17-->src\main\AndroidManifest.xml:8:5-81
17-->src\main\AndroidManifest.xml:8:22-78
18    <uses-permission android:name="android.permission.READ_EXTERNAL_STORAGE" />
18-->src\main\AndroidManifest.xml:9:5-80
18-->src\main\AndroidManifest.xml:9:22-77
19    <uses-permission android:name="android.permission.ACCESS_FINE_LOCATION" />
19-->src\main\AndroidManifest.xml:10:5-79
19-->src\main\AndroidManifest.xml:10:22-76
20    <uses-permission android:name="android.permission.ACCESS_COARSE_LOCATION" />
20-->src\main\AndroidManifest.xml:11:5-81
20-->src\main\AndroidManifest.xml:11:22-78
21    <uses-permission android:name="android.permission.CAMERA" />
21-->src\main\AndroidManifest.xml:12:5-65
21-->src\main\AndroidManifest.xml:12:22-62
22    <uses-permission android:name="android.permission.RECORD_AUDIO" />
22-->src\main\AndroidManifest.xml:13:5-71
22-->src\main\AndroidManifest.xml:13:22-68
23    <uses-permission android:name="android.permission.CHANGE_NETWORK_STATE" />
23-->src\main\AndroidManifest.xml:14:5-79
23-->src\main\AndroidManifest.xml:14:22-76
24    <uses-permission android:name="android.permission.MODIFY_AUDIO_SETTINGS" />
24-->src\main\AndroidManifest.xml:15:5-80
24-->src\main\AndroidManifest.xml:15:22-77
25    <uses-permission android:name="android.permission.BLUETOOTH" />
25-->src\main\AndroidManifest.xml:16:5-68
25-->src\main\AndroidManifest.xml:16:22-65
26    <uses-permission android:name="android.permission.BLUETOOTH_ADMIN" />
26-->src\main\AndroidManifest.xml:17:5-74
26-->src\main\AndroidManifest.xml:17:22-71
27    <uses-permission android:name="android.permission.VIDEO_CAPTURE" />
27-->src\main\AndroidManifest.xml:18:5-72
27-->src\main\AndroidManifest.xml:18:22-69
28    <uses-permission android:name="android.permission.AUDIO_CAPTURE" /> <!-- Camera Features -->
28-->src\main\AndroidManifest.xml:19:5-72
28-->src\main\AndroidManifest.xml:19:22-69
29    <uses-feature android:name="android.hardware.camera" />
29-->src\main\AndroidManifest.xml:22:5-60
29-->src\main\AndroidManifest.xml:22:19-57
30    <uses-feature android:name="android.hardware.camera.autofocus" /> <!-- Queries for WhatsApp -->
30-->src\main\AndroidManifest.xml:23:5-70
30-->src\main\AndroidManifest.xml:23:19-67
31    <queries>
31-->src\main\AndroidManifest.xml:26:5-31:15
32        <intent>
32-->src\main\AndroidManifest.xml:27:9-30:18
33            <action android:name="android.intent.action.VIEW" />
33-->src\main\AndroidManifest.xml:28:13-65
33-->src\main\AndroidManifest.xml:28:21-62
34
35            <data android:scheme="whatsapp" />
35-->src\main\AndroidManifest.xml:29:13-47
35-->src\main\AndroidManifest.xml:29:19-44
36        </intent>
37        <intent>
37-->[:flutter_inappwebview_android] AndroidManifest.xml:8:9-10:18
38            <action android:name="android.support.customtabs.action.CustomTabsService" />
38-->[:flutter_inappwebview_android] AndroidManifest.xml:9:13-90
38-->[:flutter_inappwebview_android] AndroidManifest.xml:9:21-87
39        </intent>
40    </queries>
41
42    <uses-permission android:name="android.permission.WAKE_LOCK" />
42-->[com.google.android.gms:play-services-measurement-api:21.6.1] AndroidManifest.xml:24:5-68
42-->[com.google.android.gms:play-services-measurement-api:21.6.1] AndroidManifest.xml:24:22-65
43    <uses-permission android:name="com.google.android.gms.permission.AD_ID" />
43-->[com.google.android.gms:play-services-measurement-api:21.6.1] AndroidManifest.xml:25:5-79
43-->[com.google.android.gms:play-services-measurement-api:21.6.1] AndroidManifest.xml:25:22-76
44    <uses-permission android:name="android.permission.ACCESS_ADSERVICES_ATTRIBUTION" />
44-->[com.google.android.gms:play-services-measurement-api:21.6.1] AndroidManifest.xml:26:5-88
44-->[com.google.android.gms:play-services-measurement-api:21.6.1] AndroidManifest.xml:26:22-85
45    <uses-permission android:name="android.permission.ACCESS_ADSERVICES_AD_ID" /> <!-- Create a unique permission for your app and use it so only your app can receive your OneSignal messages. -->
45-->[com.google.android.gms:play-services-measurement-api:21.6.1] AndroidManifest.xml:27:5-82
45-->[com.google.android.gms:play-services-measurement-api:21.6.1] AndroidManifest.xml:27:22-79
46    <permission
46-->[com.onesignal:notifications:5.1.26] AndroidManifest.xml:10:5-12:47
47        android:name="com.trujena.oliviaaa.permission.C2D_MESSAGE"
47-->[com.onesignal:notifications:5.1.26] AndroidManifest.xml:11:9-63
48        android:protectionLevel="signature" />
48-->[com.onesignal:notifications:5.1.26] AndroidManifest.xml:12:9-44
49
50    <uses-permission android:name="com.trujena.oliviaaa.permission.C2D_MESSAGE" /> <!-- Required runtime permission to display notifications on Android 13 -->
50-->[com.onesignal:notifications:5.1.26] AndroidManifest.xml:14:5-79
50-->[com.onesignal:notifications:5.1.26] AndroidManifest.xml:14:22-76
51    <uses-permission android:name="android.permission.POST_NOTIFICATIONS" /> <!-- c2dm RECEIVE are basic requirements for push messages through Google's FCM -->
51-->[com.onesignal:notifications:5.1.26] AndroidManifest.xml:17:5-77
51-->[com.onesignal:notifications:5.1.26] AndroidManifest.xml:17:22-74
52    <uses-permission android:name="com.google.android.c2dm.permission.RECEIVE" />
52-->[com.onesignal:notifications:5.1.26] AndroidManifest.xml:19:5-82
52-->[com.onesignal:notifications:5.1.26] AndroidManifest.xml:19:22-79
53    <!--
54 Required so the device vibrates on receiving a push notification.
55         Vibration settings of the device still apply.
56    -->
57    <uses-permission android:name="android.permission.VIBRATE" />
57-->[com.onesignal:notifications:5.1.26] AndroidManifest.xml:24:5-66
57-->[com.onesignal:notifications:5.1.26] AndroidManifest.xml:24:22-63
58    <!--
59 Use to restore notifications the user hasn't interacted with.
60     They could be missed notifications if the user reboots their device if this isn't in place.
61    -->
62    <uses-permission android:name="android.permission.RECEIVE_BOOT_COMPLETED" /> <!-- START: ShortcutBadger -->
62-->[com.onesignal:notifications:5.1.26] AndroidManifest.xml:29:5-81
62-->[com.onesignal:notifications:5.1.26] AndroidManifest.xml:29:22-78
63    <!-- Samsung -->
64    <uses-permission android:name="com.sec.android.provider.badge.permission.READ" />
64-->[com.onesignal:notifications:5.1.26] AndroidManifest.xml:31:5-86
64-->[com.onesignal:notifications:5.1.26] AndroidManifest.xml:31:22-83
65    <uses-permission android:name="com.sec.android.provider.badge.permission.WRITE" /> <!-- HTC -->
65-->[com.onesignal:notifications:5.1.26] AndroidManifest.xml:32:5-87
65-->[com.onesignal:notifications:5.1.26] AndroidManifest.xml:32:22-84
66    <uses-permission android:name="com.htc.launcher.permission.READ_SETTINGS" />
66-->[com.onesignal:notifications:5.1.26] AndroidManifest.xml:33:5-81
66-->[com.onesignal:notifications:5.1.26] AndroidManifest.xml:33:22-78
67    <uses-permission android:name="com.htc.launcher.permission.UPDATE_SHORTCUT" /> <!-- Sony -->
67-->[com.onesignal:notifications:5.1.26] AndroidManifest.xml:34:5-83
67-->[com.onesignal:notifications:5.1.26] AndroidManifest.xml:34:22-80
68    <uses-permission android:name="com.sonyericsson.home.permission.BROADCAST_BADGE" />
68-->[com.onesignal:notifications:5.1.26] AndroidManifest.xml:35:5-88
68-->[com.onesignal:notifications:5.1.26] AndroidManifest.xml:35:22-85
69    <uses-permission android:name="com.sonymobile.home.permission.PROVIDER_INSERT_BADGE" /> <!-- Apex -->
69-->[com.onesignal:notifications:5.1.26] AndroidManifest.xml:36:5-92
69-->[com.onesignal:notifications:5.1.26] AndroidManifest.xml:36:22-89
70    <uses-permission android:name="com.anddoes.launcher.permission.UPDATE_COUNT" /> <!-- Solid -->
70-->[com.onesignal:notifications:5.1.26] AndroidManifest.xml:37:5-84
70-->[com.onesignal:notifications:5.1.26] AndroidManifest.xml:37:22-81
71    <uses-permission android:name="com.majeur.launcher.permission.UPDATE_BADGE" /> <!-- Huawei -->
71-->[com.onesignal:notifications:5.1.26] AndroidManifest.xml:38:5-83
71-->[com.onesignal:notifications:5.1.26] AndroidManifest.xml:38:22-80
72    <uses-permission android:name="com.huawei.android.launcher.permission.CHANGE_BADGE" />
72-->[com.onesignal:notifications:5.1.26] AndroidManifest.xml:39:5-91
72-->[com.onesignal:notifications:5.1.26] AndroidManifest.xml:39:22-88
73    <uses-permission android:name="com.huawei.android.launcher.permission.READ_SETTINGS" />
73-->[com.onesignal:notifications:5.1.26] AndroidManifest.xml:40:5-92
73-->[com.onesignal:notifications:5.1.26] AndroidManifest.xml:40:22-89
74    <uses-permission android:name="com.huawei.android.launcher.permission.WRITE_SETTINGS" /> <!-- ZUK -->
74-->[com.onesignal:notifications:5.1.26] AndroidManifest.xml:41:5-93
74-->[com.onesignal:notifications:5.1.26] AndroidManifest.xml:41:22-90
75    <uses-permission android:name="android.permission.READ_APP_BADGE" /> <!-- OPPO -->
75-->[com.onesignal:notifications:5.1.26] AndroidManifest.xml:42:5-73
75-->[com.onesignal:notifications:5.1.26] AndroidManifest.xml:42:22-70
76    <uses-permission android:name="com.oppo.launcher.permission.READ_SETTINGS" />
76-->[com.onesignal:notifications:5.1.26] AndroidManifest.xml:43:5-82
76-->[com.onesignal:notifications:5.1.26] AndroidManifest.xml:43:22-79
77    <uses-permission android:name="com.oppo.launcher.permission.WRITE_SETTINGS" /> <!-- EvMe -->
77-->[com.onesignal:notifications:5.1.26] AndroidManifest.xml:44:5-83
77-->[com.onesignal:notifications:5.1.26] AndroidManifest.xml:44:22-80
78    <uses-permission android:name="me.everything.badger.permission.BADGE_COUNT_READ" />
78-->[com.onesignal:notifications:5.1.26] AndroidManifest.xml:45:5-88
78-->[com.onesignal:notifications:5.1.26] AndroidManifest.xml:45:22-85
79    <uses-permission android:name="me.everything.badger.permission.BADGE_COUNT_WRITE" />
79-->[com.onesignal:notifications:5.1.26] AndroidManifest.xml:46:5-89
79-->[com.onesignal:notifications:5.1.26] AndroidManifest.xml:46:22-86
80    <uses-permission android:name="com.google.android.finsky.permission.BIND_GET_INSTALL_REFERRER_SERVICE" />
80-->[com.google.android.gms:play-services-measurement:21.6.1] AndroidManifest.xml:26:5-110
80-->[com.google.android.gms:play-services-measurement:21.6.1] AndroidManifest.xml:26:22-107
81    <uses-permission android:name="android.permission.FOREGROUND_SERVICE" />
81-->[androidx.work:work-runtime:2.8.1] AndroidManifest.xml:26:5-77
81-->[androidx.work:work-runtime:2.8.1] AndroidManifest.xml:26:22-74
82
83    <permission
83-->[androidx.core:core:1.13.1] AndroidManifest.xml:22:5-24:47
84        android:name="com.trujena.oliviaaa.DYNAMIC_RECEIVER_NOT_EXPORTED_PERMISSION"
84-->[androidx.core:core:1.13.1] AndroidManifest.xml:23:9-81
85        android:protectionLevel="signature" />
85-->[androidx.core:core:1.13.1] AndroidManifest.xml:24:9-44
86
87    <uses-permission android:name="com.trujena.oliviaaa.DYNAMIC_RECEIVER_NOT_EXPORTED_PERMISSION" />
87-->[androidx.core:core:1.13.1] AndroidManifest.xml:26:5-97
87-->[androidx.core:core:1.13.1] AndroidManifest.xml:26:22-94
88
89    <application
89-->src\main\AndroidManifest.xml:33:5-86:19
90        android:appComponentFactory="androidx.core.app.CoreComponentFactory"
90-->[androidx.core:core:1.13.1] AndroidManifest.xml:28:18-86
91        android:debuggable="true"
92        android:extractNativeLibs="true"
93        android:icon="@mipmap/ic_launcher"
93-->src\main\AndroidManifest.xml:34:9-43
94        android:label="Daily"
94-->src\main\AndroidManifest.xml:35:9-30
95        android:requestLegacyExternalStorage="true"
95-->src\main\AndroidManifest.xml:36:9-52
96        android:usesCleartextTraffic="true" >
96-->src\main\AndroidManifest.xml:37:9-44
97
98        <!-- MainActivity Configuration -->
99        <activity
99-->src\main\AndroidManifest.xml:41:9-66:20
100            android:name="com.trujena.oliviaaa.MainActivity"
100-->src\main\AndroidManifest.xml:42:13-61
101            android:configChanges="orientation|keyboardHidden|keyboard|screenSize|smallestScreenSize|locale|layoutDirection|fontScale|screenLayout|density|uiMode"
101-->src\main\AndroidManifest.xml:43:13-163
102            android:exported="true"
102-->src\main\AndroidManifest.xml:44:13-36
103            android:hardwareAccelerated="true"
103-->src\main\AndroidManifest.xml:45:13-47
104            android:launchMode="singleTop"
104-->src\main\AndroidManifest.xml:46:13-43
105            android:theme="@style/LaunchTheme"
105-->src\main\AndroidManifest.xml:47:13-47
106            android:windowSoftInputMode="adjustResize" >
106-->src\main\AndroidManifest.xml:48:13-55
107
108            <!-- Intent Filters -->
109            <intent-filter>
109-->src\main\AndroidManifest.xml:51:13-55:29
110                <action android:name="android.intent.action.MAIN" />
110-->src\main\AndroidManifest.xml:52:17-69
110-->src\main\AndroidManifest.xml:52:25-66
111                <action android:name="android.intent.action.VIEW" />
111-->src\main\AndroidManifest.xml:28:13-65
111-->src\main\AndroidManifest.xml:28:21-62
112
113                <category android:name="android.intent.category.LAUNCHER" />
113-->src\main\AndroidManifest.xml:54:17-77
113-->src\main\AndroidManifest.xml:54:27-74
114            </intent-filter>
115
116            <!-- Flutter Theme Configuration -->
117            <meta-data
117-->src\main\AndroidManifest.xml:58:13-60:57
118                android:name="io.flutter.embedding.android.NormalTheme"
118-->src\main\AndroidManifest.xml:59:17-72
119                android:resource="@style/NormalTheme" />
119-->src\main\AndroidManifest.xml:60:17-54
120
121            <!-- Splash Screen Configuration -->
122            <meta-data
122-->src\main\AndroidManifest.xml:63:13-65:66
123                android:name="io.flutter.embedding.android.SplashScreenDrawable"
123-->src\main\AndroidManifest.xml:64:17-81
124                android:resource="@drawable/launch_background" />
124-->src\main\AndroidManifest.xml:65:17-63
125        </activity>
126
127        <!-- Flutter Embedding -->
128        <meta-data
128-->src\main\AndroidManifest.xml:69:9-71:33
129            android:name="flutterEmbedding"
129-->src\main\AndroidManifest.xml:70:13-44
130            android:value="2" />
130-->src\main\AndroidManifest.xml:71:13-30
131
132        <!-- FileProvider for Flutter InAppWebView -->
133        <provider
134            android:name="androidx.core.content.FileProvider"
135            android:authorities="com.trujena.oliviaaa.flutter_inappwebview_android.fileprovider"
136            android:exported="false"
137            android:grantUriPermissions="true" >
138            <meta-data
138-->[:share_plus] AndroidManifest.xml:18:13-20:68
139                android:name="android.support.FILE_PROVIDER_PATHS"
139-->[:share_plus] AndroidManifest.xml:19:17-67
140                android:resource="@xml/provider_paths" />
140-->[:share_plus] AndroidManifest.xml:20:17-65
141        </provider>
142
143        <meta-data
143-->src\main\AndroidManifest.xml:83:5-85:33
144            android:name="io.flutter.embedding.android.EnableImpeller"
144-->src\main\AndroidManifest.xml:84:9-67
145            android:value="false" />
145-->src\main\AndroidManifest.xml:85:9-30
146
147        <service
147-->[:firebase_app_installations] AndroidManifest.xml:8:9-12:19
148            android:name="com.google.firebase.components.ComponentDiscoveryService"
148-->[:firebase_app_installations] AndroidManifest.xml:8:18-89
149            android:directBootAware="true"
149-->[com.google.firebase:firebase-common:20.4.3] AndroidManifest.xml:32:13-43
150            android:exported="false" >
150-->[com.google.android.gms:play-services-measurement-api:21.6.1] AndroidManifest.xml:36:13-37
151            <meta-data
151-->[:firebase_app_installations] AndroidManifest.xml:9:13-11:85
152                android:name="com.google.firebase.components:io.flutter.plugins.firebase.installations.firebase_app_installations.FlutterFirebaseAppRegistrar"
152-->[:firebase_app_installations] AndroidManifest.xml:10:17-159
153                android:value="com.google.firebase.components.ComponentRegistrar" />
153-->[:firebase_app_installations] AndroidManifest.xml:11:17-82
154            <meta-data
154-->[:firebase_core] AndroidManifest.xml:9:13-11:85
155                android:name="com.google.firebase.components:io.flutter.plugins.firebase.core.FlutterFirebaseCoreRegistrar"
155-->[:firebase_core] AndroidManifest.xml:10:17-124
156                android:value="com.google.firebase.components.ComponentRegistrar" />
156-->[:firebase_core] AndroidManifest.xml:11:17-82
157            <meta-data
157-->[com.google.android.gms:play-services-measurement-api:21.6.1] AndroidManifest.xml:37:13-39:85
158                android:name="com.google.firebase.components:com.google.firebase.analytics.connector.internal.AnalyticsConnectorRegistrar"
158-->[com.google.android.gms:play-services-measurement-api:21.6.1] AndroidManifest.xml:38:17-139
159                android:value="com.google.firebase.components.ComponentRegistrar" />
159-->[com.google.android.gms:play-services-measurement-api:21.6.1] AndroidManifest.xml:39:17-82
160            <meta-data
160-->[com.google.firebase:firebase-messaging:23.4.1] AndroidManifest.xml:57:13-59:85
161                android:name="com.google.firebase.components:com.google.firebase.messaging.FirebaseMessagingKtxRegistrar"
161-->[com.google.firebase:firebase-messaging:23.4.1] AndroidManifest.xml:58:17-122
162                android:value="com.google.firebase.components.ComponentRegistrar" />
162-->[com.google.firebase:firebase-messaging:23.4.1] AndroidManifest.xml:59:17-82
163            <meta-data
163-->[com.google.firebase:firebase-messaging:23.4.1] AndroidManifest.xml:60:13-62:85
164                android:name="com.google.firebase.components:com.google.firebase.messaging.FirebaseMessagingRegistrar"
164-->[com.google.firebase:firebase-messaging:23.4.1] AndroidManifest.xml:61:17-119
165                android:value="com.google.firebase.components.ComponentRegistrar" />
165-->[com.google.firebase:firebase-messaging:23.4.1] AndroidManifest.xml:62:17-82
166            <meta-data
166-->[com.google.firebase:firebase-installations:17.2.0] AndroidManifest.xml:15:13-17:85
167                android:name="com.google.firebase.components:com.google.firebase.installations.FirebaseInstallationsKtxRegistrar"
167-->[com.google.firebase:firebase-installations:17.2.0] AndroidManifest.xml:16:17-130
168                android:value="com.google.firebase.components.ComponentRegistrar" />
168-->[com.google.firebase:firebase-installations:17.2.0] AndroidManifest.xml:17:17-82
169            <meta-data
169-->[com.google.firebase:firebase-installations:17.2.0] AndroidManifest.xml:18:13-20:85
170                android:name="com.google.firebase.components:com.google.firebase.installations.FirebaseInstallationsRegistrar"
170-->[com.google.firebase:firebase-installations:17.2.0] AndroidManifest.xml:19:17-127
171                android:value="com.google.firebase.components.ComponentRegistrar" />
171-->[com.google.firebase:firebase-installations:17.2.0] AndroidManifest.xml:20:17-82
172            <meta-data
172-->[com.google.firebase:firebase-common-ktx:20.4.3] AndroidManifest.xml:12:13-14:85
173                android:name="com.google.firebase.components:com.google.firebase.ktx.FirebaseCommonLegacyRegistrar"
173-->[com.google.firebase:firebase-common-ktx:20.4.3] AndroidManifest.xml:13:17-116
174                android:value="com.google.firebase.components.ComponentRegistrar" />
174-->[com.google.firebase:firebase-common-ktx:20.4.3] AndroidManifest.xml:14:17-82
175            <meta-data
175-->[com.google.firebase:firebase-common:20.4.3] AndroidManifest.xml:35:13-37:85
176                android:name="com.google.firebase.components:com.google.firebase.FirebaseCommonKtxRegistrar"
176-->[com.google.firebase:firebase-common:20.4.3] AndroidManifest.xml:36:17-109
177                android:value="com.google.firebase.components.ComponentRegistrar" />
177-->[com.google.firebase:firebase-common:20.4.3] AndroidManifest.xml:37:17-82
178            <meta-data
178-->[com.google.firebase:firebase-datatransport:18.1.7] AndroidManifest.xml:27:13-29:85
179                android:name="com.google.firebase.components:com.google.firebase.datatransport.TransportRegistrar"
179-->[com.google.firebase:firebase-datatransport:18.1.7] AndroidManifest.xml:28:17-115
180                android:value="com.google.firebase.components.ComponentRegistrar" />
180-->[com.google.firebase:firebase-datatransport:18.1.7] AndroidManifest.xml:29:17-82
181        </service>
182
183        <activity
183-->[:flutter_inappwebview_android] AndroidManifest.xml:14:9-18:47
184            android:name="com.pichillilorenzo.flutter_inappwebview_android.in_app_browser.InAppBrowserActivity"
184-->[:flutter_inappwebview_android] AndroidManifest.xml:15:13-112
185            android:configChanges="orientation|keyboardHidden|keyboard|screenSize|locale|layoutDirection|fontScale|screenLayout|density"
185-->[:flutter_inappwebview_android] AndroidManifest.xml:16:13-137
186            android:exported="false"
186-->[:flutter_inappwebview_android] AndroidManifest.xml:17:13-37
187            android:theme="@style/AppTheme" />
187-->[:flutter_inappwebview_android] AndroidManifest.xml:18:13-44
188        <activity
188-->[:flutter_inappwebview_android] AndroidManifest.xml:19:9-22:55
189            android:name="com.pichillilorenzo.flutter_inappwebview_android.chrome_custom_tabs.ChromeCustomTabsActivity"
189-->[:flutter_inappwebview_android] AndroidManifest.xml:20:13-120
190            android:exported="false"
190-->[:flutter_inappwebview_android] AndroidManifest.xml:21:13-37
191            android:theme="@style/ThemeTransparent" />
191-->[:flutter_inappwebview_android] AndroidManifest.xml:22:13-52
192        <activity
192-->[:flutter_inappwebview_android] AndroidManifest.xml:23:9-26:55
193            android:name="com.pichillilorenzo.flutter_inappwebview_android.chrome_custom_tabs.TrustedWebActivity"
193-->[:flutter_inappwebview_android] AndroidManifest.xml:24:13-114
194            android:exported="false"
194-->[:flutter_inappwebview_android] AndroidManifest.xml:25:13-37
195            android:theme="@style/ThemeTransparent" />
195-->[:flutter_inappwebview_android] AndroidManifest.xml:26:13-52
196        <activity
196-->[:flutter_inappwebview_android] AndroidManifest.xml:27:9-31:55
197            android:name="com.pichillilorenzo.flutter_inappwebview_android.chrome_custom_tabs.ChromeCustomTabsActivitySingleInstance"
197-->[:flutter_inappwebview_android] AndroidManifest.xml:28:13-134
198            android:exported="false"
198-->[:flutter_inappwebview_android] AndroidManifest.xml:29:13-37
199            android:launchMode="singleInstance"
199-->[:flutter_inappwebview_android] AndroidManifest.xml:30:13-48
200            android:theme="@style/ThemeTransparent" />
200-->[:flutter_inappwebview_android] AndroidManifest.xml:31:13-52
201        <activity
201-->[:flutter_inappwebview_android] AndroidManifest.xml:32:9-36:55
202            android:name="com.pichillilorenzo.flutter_inappwebview_android.chrome_custom_tabs.TrustedWebActivitySingleInstance"
202-->[:flutter_inappwebview_android] AndroidManifest.xml:33:13-128
203            android:exported="false"
203-->[:flutter_inappwebview_android] AndroidManifest.xml:34:13-37
204            android:launchMode="singleInstance"
204-->[:flutter_inappwebview_android] AndroidManifest.xml:35:13-48
205            android:theme="@style/ThemeTransparent" />
205-->[:flutter_inappwebview_android] AndroidManifest.xml:36:13-52
206
207        <receiver
207-->[:flutter_inappwebview_android] AndroidManifest.xml:38:9-41:40
208            android:name="com.pichillilorenzo.flutter_inappwebview_android.chrome_custom_tabs.ActionBroadcastReceiver"
208-->[:flutter_inappwebview_android] AndroidManifest.xml:39:13-119
209            android:enabled="true"
209-->[:flutter_inappwebview_android] AndroidManifest.xml:40:13-35
210            android:exported="false" />
210-->[:flutter_inappwebview_android] AndroidManifest.xml:41:13-37
211
212        <meta-data
212-->[:flutter_inappwebview_android] AndroidManifest.xml:43:9-45:36
213            android:name="io.flutter.embedded_views_preview"
213-->[:flutter_inappwebview_android] AndroidManifest.xml:44:13-61
214            android:value="true" />
214-->[:flutter_inappwebview_android] AndroidManifest.xml:45:13-33
215        <!--
216           Declares a provider which allows us to store files to share in
217           '.../caches/share_plus' and grant the receiving action access
218        -->
219        <provider
219-->[:share_plus] AndroidManifest.xml:13:9-21:20
220            android:name="dev.fluttercommunity.plus.share.ShareFileProvider"
220-->[:share_plus] AndroidManifest.xml:14:13-77
221            android:authorities="com.trujena.oliviaaa.flutter.share_provider"
221-->[:share_plus] AndroidManifest.xml:15:13-74
222            android:exported="false"
222-->[:share_plus] AndroidManifest.xml:16:13-37
223            android:grantUriPermissions="true" >
223-->[:share_plus] AndroidManifest.xml:17:13-47
224            <meta-data
224-->[:share_plus] AndroidManifest.xml:18:13-20:68
225                android:name="android.support.FILE_PROVIDER_PATHS"
225-->[:share_plus] AndroidManifest.xml:19:17-67
226                android:resource="@xml/flutter_share_file_paths" />
226-->[:share_plus] AndroidManifest.xml:20:17-65
227        </provider>
228        <!--
229           This manifest declared broadcast receiver allows us to use an explicit
230           Intent when creating a PendingItent to be informed of the user's choice
231        -->
232        <receiver
232-->[:share_plus] AndroidManifest.xml:26:9-32:20
233            android:name="dev.fluttercommunity.plus.share.SharePlusPendingIntent"
233-->[:share_plus] AndroidManifest.xml:27:13-82
234            android:exported="false" >
234-->[:share_plus] AndroidManifest.xml:28:13-37
235            <intent-filter>
235-->[:share_plus] AndroidManifest.xml:29:13-31:29
236                <action android:name="EXTRA_CHOSEN_COMPONENT" />
236-->[:share_plus] AndroidManifest.xml:30:17-65
236-->[:share_plus] AndroidManifest.xml:30:25-62
237            </intent-filter>
238        </receiver>
239
240        <activity
240-->[:url_launcher_android] AndroidManifest.xml:8:9-11:74
241            android:name="io.flutter.plugins.urllauncher.WebViewActivity"
241-->[:url_launcher_android] AndroidManifest.xml:9:13-74
242            android:exported="false"
242-->[:url_launcher_android] AndroidManifest.xml:10:13-37
243            android:theme="@android:style/Theme.NoTitleBar.Fullscreen" />
243-->[:url_launcher_android] AndroidManifest.xml:11:13-71
244
245        <property
245-->[com.google.android.gms:play-services-measurement-api:21.6.1] AndroidManifest.xml:30:9-32:61
246            android:name="android.adservices.AD_SERVICES_CONFIG"
246-->[com.google.android.gms:play-services-measurement-api:21.6.1] AndroidManifest.xml:31:13-65
247            android:resource="@xml/ga_ad_services_config" />
247-->[com.google.android.gms:play-services-measurement-api:21.6.1] AndroidManifest.xml:32:13-58
248
249        <receiver
249-->[com.onesignal:notifications:5.1.26] AndroidManifest.xml:49:9-60:20
250            android:name="com.onesignal.notifications.receivers.FCMBroadcastReceiver"
250-->[com.onesignal:notifications:5.1.26] AndroidManifest.xml:50:13-86
251            android:exported="true"
251-->[com.onesignal:notifications:5.1.26] AndroidManifest.xml:51:13-36
252            android:permission="com.google.android.c2dm.permission.SEND" >
252-->[com.onesignal:notifications:5.1.26] AndroidManifest.xml:52:13-73
253
254            <!-- High priority so OneSignal payloads can be filtered from other FCM receivers -->
255            <intent-filter android:priority="999" >
255-->[com.onesignal:notifications:5.1.26] AndroidManifest.xml:55:13-59:29
255-->[com.onesignal:notifications:5.1.26] AndroidManifest.xml:55:28-50
256                <action android:name="com.google.android.c2dm.intent.RECEIVE" />
256-->[com.onesignal:notifications:5.1.26] AndroidManifest.xml:56:17-81
256-->[com.onesignal:notifications:5.1.26] AndroidManifest.xml:56:25-78
257
258                <category android:name="com.trujena.oliviaaa" />
258-->[com.onesignal:notifications:5.1.26] AndroidManifest.xml:58:17-61
258-->[com.onesignal:notifications:5.1.26] AndroidManifest.xml:58:27-58
259            </intent-filter>
260        </receiver>
261
262        <service
262-->[com.onesignal:notifications:5.1.26] AndroidManifest.xml:62:9-68:19
263            android:name="com.onesignal.notifications.services.HmsMessageServiceOneSignal"
263-->[com.onesignal:notifications:5.1.26] AndroidManifest.xml:63:13-91
264            android:exported="false" >
264-->[com.onesignal:notifications:5.1.26] AndroidManifest.xml:64:13-37
265            <intent-filter>